<?xml version="1.0" encoding="UTF-8"?>
<testng-results skipped="0" failed="0" ignored="0" total="1" passed="1">
  <reporter-output>
  </reporter-output>
  <suite name="Default suite" duration-ms="9697" started-at="2019-03-16T13:34:11Z" finished-at="2019-03-16T13:34:20Z">
    <groups>
    </groups>
    <test name="Default test" duration-ms="9697" started-at="2019-03-16T13:34:11Z" finished-at="2019-03-16T13:34:20Z">
      <class name="com.w2a.API_Batch3.testCases.TestCreateCustomerAPI">
        <test-method status="PASS" signature="beforeSuite()[pri:0, instance:com.w2a.API_Batch3.testCases.TestCreateCustomerAPI@6a192cfe]" name="beforeSuite" is-config="true" duration-ms="1365" started-at="2019-03-16T13:34:09Z" finished-at="2019-03-16T13:34:11Z">
          <reporter-output>
          </reporter-output>
        </test-method> <!-- beforeSuite -->
        <test-method status="PASS" signature="beforeClass()[pri:0, instance:com.w2a.API_Batch3.testCases.TestCreateCustomerAPI@6a192cfe]" name="beforeClass" is-config="true" duration-ms="8" started-at="2019-03-16T13:34:11Z" finished-at="2019-03-16T13:34:11Z">
          <reporter-output>
          </reporter-output>
        </test-method> <!-- beforeClass -->
        <test-method status="PASS" signature="beforeMethod(java.lang.reflect.Method)[pri:0, instance:com.w2a.API_Batch3.testCases.TestCreateCustomerAPI@6a192cfe]" name="beforeMethod" is-config="true" duration-ms="33" started-at="2019-03-16T13:34:11Z" finished-at="2019-03-16T13:34:11Z">
          <params>
            <param index="0">
              <value>
                <![CDATA[public void com.w2a.API_Batch3.testCases.TestCreateCustomerAPI.validateCreateCustomerAPIWithValidData()]]>
              </value>
            </param>
          </params>
          <reporter-output>
          </reporter-output>
        </test-method> <!-- beforeMethod -->
        <test-method status="PASS" signature="validateCreateCustomerAPIWithValidData()[pri:0, instance:com.w2a.API_Batch3.testCases.TestCreateCustomerAPI@6a192cfe]" name="validateCreateCustomerAPIWithValidData" duration-ms="8743" started-at="2019-03-16T13:34:11Z" finished-at="2019-03-16T13:34:20Z">
          <reporter-output>
          </reporter-output>
        </test-method> <!-- validateCreateCustomerAPIWithValidData -->
        <test-method status="PASS" signature="afterMethod(org.testng.ITestResult)[pri:0, instance:com.w2a.API_Batch3.testCases.TestCreateCustomerAPI@6a192cfe]" name="afterMethod" is-config="true" duration-ms="873" started-at="2019-03-16T13:34:20Z" finished-at="2019-03-16T13:34:20Z">
          <params>
            <param index="0">
              <value>
                <![CDATA[[TestResult name=validateCreateCustomerAPIWithValidData status=SUCCESS method=TestCreateCustomerAPI.validateCreateCustomerAPIWithValidData()[pri:0, instance:com.w2a.API_Batch3.testCases.TestCreateCustomerAPI@6a192cfe] output={null}]]]>
              </value>
            </param>
          </params>
          <reporter-output>
          </reporter-output>
        </test-method> <!-- afterMethod -->
        <test-method status="PASS" signature="afterSuite()[pri:0, instance:com.w2a.API_Batch3.testCases.TestCreateCustomerAPI@6a192cfe]" name="afterSuite" is-config="true" duration-ms="7" started-at="2019-03-16T13:34:20Z" finished-at="2019-03-16T13:34:20Z">
          <reporter-output>
          </reporter-output>
        </test-method> <!-- afterSuite -->
      </class> <!-- com.w2a.API_Batch3.testCases.TestCreateCustomerAPI -->
    </test> <!-- Default test -->
  </suite> <!-- Default suite -->
</testng-results>
